c:\users\pc1\desktop\timelock\linked-list-sprint-project-timelock\app\timelock\x64\debug\vc143.pdb
c:\users\pc1\desktop\timelock\linked-list-sprint-project-timelock\app\timelock\x64\debug\vc143.idb
c:\users\pc1\desktop\timelock\linked-list-sprint-project-timelock\app\timelock\x64\debug\validation.obj
c:\users\pc1\desktop\timelock\linked-list-sprint-project-timelock\app\timelock\x64\debug\user.obj
c:\users\pc1\desktop\timelock\linked-list-sprint-project-timelock\app\timelock\x64\debug\timeline.obj
c:\users\pc1\desktop\timelock\linked-list-sprint-project-timelock\app\timelock\x64\debug\startingscreen.obj
c:\users\pc1\desktop\timelock\linked-list-sprint-project-timelock\app\timelock\x64\debug\signup.obj
c:\users\pc1\desktop\timelock\linked-list-sprint-project-timelock\app\timelock\x64\debug\prehistoric.obj
c:\users\pc1\desktop\timelock\linked-list-sprint-project-timelock\app\timelock\x64\debug\globfunc.obj
c:\users\pc1\desktop\timelock\linked-list-sprint-project-timelock\app\timelock\x64\debug\modern.obj
c:\users\pc1\desktop\timelock\linked-list-sprint-project-timelock\app\timelock\x64\debug\middleage.obj
c:\users\pc1\desktop\timelock\linked-list-sprint-project-timelock\app\timelock\x64\debug\main.obj
c:\users\pc1\desktop\timelock\linked-list-sprint-project-timelock\app\timelock\x64\debug\login.obj
c:\users\pc1\desktop\timelock\linked-list-sprint-project-timelock\app\timelock\x64\debug\earlymodern.obj
c:\users\pc1\desktop\timelock\linked-list-sprint-project-timelock\app\timelock\x64\debug\classical.obj
c:\users\pc1\desktop\timelock\linked-list-sprint-project-timelock\app\timelock\x64\debug\admin.obj
c:\users\pc1\desktop\timelock\linked-list-sprint-project-timelock\app\timelock\x64\debug\accessdata.obj
c:\users\pc1\desktop\timelock\linked-list-sprint-project-timelock\app\x64\debug\timelock.pdb
c:\users\pc1\desktop\timelock\linked-list-sprint-project-timelock\app\timelock\x64\debug\timelock.tlog\cl.command.1.tlog
c:\users\pc1\desktop\timelock\linked-list-sprint-project-timelock\app\timelock\x64\debug\timelock.tlog\cl.read.1.tlog
c:\users\pc1\desktop\timelock\linked-list-sprint-project-timelock\app\timelock\x64\debug\timelock.tlog\cl.write.1.tlog
c:\users\pc1\desktop\timelock\linked-list-sprint-project-timelock\app\timelock\x64\debug\timelock.tlog\link-cvtres.read.1.tlog
c:\users\pc1\desktop\timelock\linked-list-sprint-project-timelock\app\timelock\x64\debug\timelock.tlog\link-cvtres.write.1.tlog
c:\users\pc1\desktop\timelock\linked-list-sprint-project-timelock\app\timelock\x64\debug\timelock.tlog\link-rc.read.1.tlog
c:\users\pc1\desktop\timelock\linked-list-sprint-project-timelock\app\timelock\x64\debug\timelock.tlog\link-rc.write.1.tlog
c:\users\pc1\desktop\timelock\linked-list-sprint-project-timelock\app\timelock\x64\debug\timelock.tlog\link.command.1.tlog
c:\users\pc1\desktop\timelock\linked-list-sprint-project-timelock\app\timelock\x64\debug\timelock.tlog\link.read.1.tlog
c:\users\pc1\desktop\timelock\linked-list-sprint-project-timelock\app\timelock\x64\debug\timelock.tlog\link.read.2.tlog
c:\users\pc1\desktop\timelock\linked-list-sprint-project-timelock\app\timelock\x64\debug\timelock.tlog\link.read.3.tlog
c:\users\pc1\desktop\timelock\linked-list-sprint-project-timelock\app\timelock\x64\debug\timelock.tlog\link.write.1.tlog
