c:\users\jujka\documents\timelock\linked-list-sprint-project-timelock\app\timelock\x64\release\vc143.pdb
c:\users\jujka\documents\timelock\linked-list-sprint-project-timelock\app\timelock\x64\release\timeline.obj
c:\users\jujka\documents\timelock\linked-list-sprint-project-timelock\app\timelock\x64\release\startingscreen.obj
c:\users\jujka\documents\timelock\linked-list-sprint-project-timelock\app\timelock\x64\release\signup.obj
c:\users\jujka\documents\timelock\linked-list-sprint-project-timelock\app\timelock\x64\release\prehistoric.obj
c:\users\jujka\documents\timelock\linked-list-sprint-project-timelock\app\timelock\x64\release\modern.obj
c:\users\jujka\documents\timelock\linked-list-sprint-project-timelock\app\timelock\x64\release\middleage.obj
c:\users\jujka\documents\timelock\linked-list-sprint-project-timelock\app\timelock\x64\release\main.obj
c:\users\jujka\documents\timelock\linked-list-sprint-project-timelock\app\timelock\x64\release\login.obj
c:\users\jujka\documents\timelock\linked-list-sprint-project-timelock\app\timelock\x64\release\earlymodern.obj
c:\users\jujka\documents\timelock\linked-list-sprint-project-timelock\app\timelock\x64\release\classical.obj
c:\users\jujka\documents\timelock\linked-list-sprint-project-timelock\app\x64\release\timelock.exe
c:\users\jujka\documents\timelock\linked-list-sprint-project-timelock\app\x64\release\timelock.pdb
c:\users\jujka\documents\timelock\linked-list-sprint-project-timelock\app\timelock\x64\release\timelock.ipdb
c:\users\jujka\documents\timelock\linked-list-sprint-project-timelock\app\timelock\x64\release\timelock.iobj
c:\users\jujka\documents\timelock\linked-list-sprint-project-timelock\app\timelock\x64\release\timelock.tlog\cl.command.1.tlog
c:\users\jujka\documents\timelock\linked-list-sprint-project-timelock\app\timelock\x64\release\timelock.tlog\cl.items.tlog
c:\users\jujka\documents\timelock\linked-list-sprint-project-timelock\app\timelock\x64\release\timelock.tlog\cl.read.1.tlog
c:\users\jujka\documents\timelock\linked-list-sprint-project-timelock\app\timelock\x64\release\timelock.tlog\cl.write.1.tlog
c:\users\jujka\documents\timelock\linked-list-sprint-project-timelock\app\timelock\x64\release\timelock.tlog\link.command.1.tlog
c:\users\jujka\documents\timelock\linked-list-sprint-project-timelock\app\timelock\x64\release\timelock.tlog\link.read.1.tlog
c:\users\jujka\documents\timelock\linked-list-sprint-project-timelock\app\timelock\x64\release\timelock.tlog\link.secondary.1.tlog
c:\users\jujka\documents\timelock\linked-list-sprint-project-timelock\app\timelock\x64\release\timelock.tlog\link.write.1.tlog
